<?xml version="1.0" encoding="UTF-8"?>
<testng-results skipped="0" failed="0" ignored="0" total="8" passed="8">
  <reporter-output>
  </reporter-output>
  <suite name="Suite1" duration-ms="146766" started-at="2019-10-15T16:41:04 IST" finished-at="2019-10-15T16:43:31 IST">
    <groups>
    </groups>
    <test name="footer" duration-ms="103342" started-at="2019-10-15T16:41:04 IST" finished-at="2019-10-15T16:42:48 IST">
      <class name="com.konakart.testscenarios.SearchProductScenario">
        <test-method status="PASS" signature="setBrowser(java.lang.String)[pri:0, instance:com.konakart.testscenarios.SearchProductScenario@77ec78b9]" name="setBrowser" is-config="true" duration-ms="13140" started-at="2019-10-15T16:41:04 IST" finished-at="2019-10-15T16:41:18 IST">
          <params>
            <param index="0">
              <value>
                <![CDATA[firefox]]>
              </value>
            </param>
          </params>
          <reporter-output>
          </reporter-output>
        </test-method> <!-- setBrowser -->
        <test-method status="PASS" signature="OutComeOfSearch(java.lang.String, java.lang.String, java.lang.String)[pri:0, instance:com.konakart.testscenarios.SearchProductScenario@77ec78b9]" name="OutComeOfSearch" duration-ms="2748" started-at="2019-10-15T16:41:18 IST" data-provider="userData" finished-at="2019-10-15T16:41:21 IST">
          <params>
            <param index="0">
              <value>
                <![CDATA[Computer Peripherals]]>
              </value>
            </param>
            <param index="1">
              <value>
                <![CDATA[Bundle Saver]]>
              </value>
            </param>
            <param index="2">
              <value>
                <![CDATA[Bundle Saver]]>
              </value>
            </param>
          </params>
          <reporter-output>
          </reporter-output>
        </test-method> <!-- OutComeOfSearch -->
        <test-method status="PASS" signature="message()[pri:0, instance:com.konakart.testscenarios.SearchProductScenario@77ec78b9]" name="message" is-config="true" duration-ms="14103" started-at="2019-10-15T16:41:21 IST" finished-at="2019-10-15T16:41:35 IST">
          <reporter-output>
          </reporter-output>
        </test-method> <!-- message -->
        <test-method status="PASS" signature="OutComeOfSearch(java.lang.String, java.lang.String, java.lang.String)[pri:0, instance:com.konakart.testscenarios.SearchProductScenario@77ec78b9]" name="OutComeOfSearch" duration-ms="2702" started-at="2019-10-15T16:41:35 IST" data-provider="userData" finished-at="2019-10-15T16:41:38 IST">
          <params>
            <param index="0">
              <value>
                <![CDATA[Software]]>
              </value>
            </param>
            <param index="1">
              <value>
                <![CDATA[Windows 8]]>
              </value>
            </param>
            <param index="2">
              <value>
                <![CDATA[Windows 8]]>
              </value>
            </param>
          </params>
          <reporter-output>
          </reporter-output>
        </test-method> <!-- OutComeOfSearch -->
        <test-method status="PASS" signature="message()[pri:0, instance:com.konakart.testscenarios.SearchProductScenario@77ec78b9]" name="message" is-config="true" duration-ms="14110" started-at="2019-10-15T16:41:38 IST" finished-at="2019-10-15T16:41:52 IST">
          <reporter-output>
          </reporter-output>
        </test-method> <!-- message -->
        <test-method status="PASS" signature="OutComeOfSearch(java.lang.String, java.lang.String, java.lang.String)[pri:0, instance:com.konakart.testscenarios.SearchProductScenario@77ec78b9]" name="OutComeOfSearch" duration-ms="2303" started-at="2019-10-15T16:41:52 IST" data-provider="userData" finished-at="2019-10-15T16:41:54 IST">
          <params>
            <param index="0">
              <value>
                <![CDATA[DVD Movies]]>
              </value>
            </param>
            <param index="1">
              <value>
                <![CDATA[Acctim Metal Clock]]>
              </value>
            </param>
            <param index="2">
              <value>
                <![CDATA[There are no available products.]]>
              </value>
            </param>
          </params>
          <reporter-output>
          </reporter-output>
        </test-method> <!-- OutComeOfSearch -->
        <test-method status="PASS" signature="message()[pri:0, instance:com.konakart.testscenarios.SearchProductScenario@77ec78b9]" name="message" is-config="true" duration-ms="41" started-at="2019-10-15T16:41:55 IST" finished-at="2019-10-15T16:41:55 IST">
          <reporter-output>
          </reporter-output>
        </test-method> <!-- message -->
        <test-method status="PASS" signature="OutComeOfSearch(java.lang.String, java.lang.String, java.lang.String)[pri:0, instance:com.konakart.testscenarios.SearchProductScenario@77ec78b9]" name="OutComeOfSearch" duration-ms="1941" started-at="2019-10-15T16:41:55 IST" data-provider="userData" finished-at="2019-10-15T16:41:56 IST">
          <params>
            <param index="0">
              <value>
                <![CDATA[Home & Garden]]>
              </value>
            </param>
            <param index="1">
              <value>
                <![CDATA[Acctim Metal Clock]]>
              </value>
            </param>
            <param index="2">
              <value>
                <![CDATA[Acctim Metal Clock]]>
              </value>
            </param>
          </params>
          <reporter-output>
          </reporter-output>
        </test-method> <!-- OutComeOfSearch -->
        <test-method status="PASS" signature="message()[pri:0, instance:com.konakart.testscenarios.SearchProductScenario@77ec78b9]" name="message" is-config="true" duration-ms="14089" started-at="2019-10-15T16:41:57 IST" finished-at="2019-10-15T16:42:11 IST">
          <reporter-output>
          </reporter-output>
        </test-method> <!-- message -->
        <test-method status="PASS" signature="OutComeOfSearch(java.lang.String, java.lang.String, java.lang.String)[pri:0, instance:com.konakart.testscenarios.SearchProductScenario@77ec78b9]" name="OutComeOfSearch" duration-ms="2737" started-at="2019-10-15T16:42:11 IST" data-provider="userData" finished-at="2019-10-15T16:42:13 IST">
          <params>
            <param index="0">
              <value>
                <![CDATA[All]]>
              </value>
            </param>
            <param index="1">
              <value>
                <![CDATA[Windows 8]]>
              </value>
            </param>
            <param index="2">
              <value>
                <![CDATA[Windows 8]]>
              </value>
            </param>
          </params>
          <reporter-output>
          </reporter-output>
        </test-method> <!-- OutComeOfSearch -->
        <test-method status="PASS" signature="message()[pri:0, instance:com.konakart.testscenarios.SearchProductScenario@77ec78b9]" name="message" is-config="true" duration-ms="14086" started-at="2019-10-15T16:42:13 IST" finished-at="2019-10-15T16:42:27 IST">
          <reporter-output>
          </reporter-output>
        </test-method> <!-- message -->
        <test-method status="PASS" signature="OutComeOfSearch(java.lang.String, java.lang.String, java.lang.String)[pri:0, instance:com.konakart.testscenarios.SearchProductScenario@77ec78b9]" name="OutComeOfSearch" duration-ms="3517" started-at="2019-10-15T16:42:27 IST" data-provider="userData" finished-at="2019-10-15T16:42:31 IST">
          <params>
            <param index="0">
              <value>
                <![CDATA[DVD Movies]]>
              </value>
            </param>
            <param index="1">
              <value>
                <![CDATA[The Matrix]]>
              </value>
            </param>
            <param index="2">
              <value>
                <![CDATA[The Matrix]]>
              </value>
            </param>
          </params>
          <reporter-output>
          </reporter-output>
        </test-method> <!-- OutComeOfSearch -->
        <test-method status="PASS" signature="message()[pri:0, instance:com.konakart.testscenarios.SearchProductScenario@77ec78b9]" name="message" is-config="true" duration-ms="14107" started-at="2019-10-15T16:42:31 IST" finished-at="2019-10-15T16:42:45 IST">
          <reporter-output>
          </reporter-output>
        </test-method> <!-- message -->
        <test-method status="PASS" signature="OutComeOfSearch(java.lang.String, java.lang.String, java.lang.String)[pri:0, instance:com.konakart.testscenarios.SearchProductScenario@77ec78b9]" name="OutComeOfSearch" duration-ms="2609" started-at="2019-10-15T16:42:45 IST" data-provider="userData" finished-at="2019-10-15T16:42:48 IST">
          <params>
            <param index="0">
              <value>
                <![CDATA[Computer Peripherals]]>
              </value>
            </param>
            <param index="1">
              <value>
                <![CDATA[Windows 8]]>
              </value>
            </param>
            <param index="2">
              <value>
                <![CDATA[There are no available products.]]>
              </value>
            </param>
          </params>
          <reporter-output>
          </reporter-output>
        </test-method> <!-- OutComeOfSearch -->
        <test-method status="PASS" signature="message()[pri:0, instance:com.konakart.testscenarios.SearchProductScenario@77ec78b9]" name="message" is-config="true" duration-ms="49" started-at="2019-10-15T16:42:48 IST" finished-at="2019-10-15T16:42:48 IST">
          <reporter-output>
          </reporter-output>
        </test-method> <!-- message -->
      </class> <!-- com.konakart.testscenarios.SearchProductScenario -->
    </test> <!-- footer -->
    <test name="contentmenu" duration-ms="43395" started-at="2019-10-15T16:42:48 IST" finished-at="2019-10-15T16:43:31 IST">
      <class name="com.konakart.testscenarios.SpecificProductValidationScenario">
        <test-method status="PASS" signature="setBrowser(java.lang.String)[pri:0, instance:com.konakart.testscenarios.SpecificProductValidationScenario@7a30d1e6]" name="setBrowser" is-config="true" duration-ms="13320" started-at="2019-10-15T16:42:48 IST" finished-at="2019-10-15T16:43:01 IST">
          <params>
            <param index="0">
              <value>
                <![CDATA[firefox]]>
              </value>
            </param>
          </params>
          <reporter-output>
          </reporter-output>
        </test-method> <!-- setBrowser -->
        <test-method status="PASS" signature="navigateToProductDetails()[pri:0, instance:com.konakart.testscenarios.SpecificProductValidationScenario@7a30d1e6]" name="navigateToProductDetails" duration-ms="30073" started-at="2019-10-15T16:43:01 IST" finished-at="2019-10-15T16:43:31 IST">
          <reporter-output>
          </reporter-output>
        </test-method> <!-- navigateToProductDetails -->
      </class> <!-- com.konakart.testscenarios.SpecificProductValidationScenario -->
    </test> <!-- contentmenu -->
  </suite> <!-- Suite1 -->
  <suite name="Test-class Suite" duration-ms="0" started-at="2019-10-15T16:43:31 IST" finished-at="2019-10-15T16:43:31 IST">
    <groups>
    </groups>
  </suite> <!-- Test-class Suite -->
</testng-results>
