<?xml version="1.0" encoding="UTF-8"?>
<!-- Generated by org.testng.reporters.JUnitXMLReporter -->
<testsuite hostname="ATMECSINLT-002" ignored="0" name="Default test" tests="70" failures="0" timestamp="2019-10-22T15:53:54 IST" time="1.712" errors="0">
  <testcase name="@BeforeClass setBrowser" time="-1.571739833071E9" classname="com.konakart.testscenarios.SearchProductScenario">
    <failure type="org.testng.TestNGException" message="
Parameter &amp;apos;browserType&amp;apos; is required by BeforeClass on method setBrowser but has not been marked @Optional or defined
in C:\Users\kishor.joshi\AppData\Local\Temp\testng-eclipse--574984460\testng-customsuite.xml">
      <![CDATA[org.testng.TestNGException: 
Parameter 'browserType' is required by BeforeClass on method setBrowser but has not been marked @Optional or defined
in C:\Users\kishor.joshi\AppData\Local\Temp\testng-eclipse--574984460\testng-customsuite.xml
at org.testng.internal.Parameters.createParams(Parameters.java:289)
at org.testng.internal.Parameters.createParametersForMethod(Parameters.java:377)
at org.testng.internal.Parameters.createParameters(Parameters.java:721)
at org.testng.internal.Parameters.createConfigurationParameters(Parameters.java:164)
at org.testng.internal.ConfigInvoker.invokeConfigurations(ConfigInvoker.java:275)
at org.testng.internal.TestMethodWorker.invokeBeforeClassMethods(TestMethodWorker.java:176)
at org.testng.internal.TestMethodWorker.run(TestMethodWorker.java:122)
at java.util.ArrayList.forEach(Unknown Source)
at org.testng.TestRunner.privateRun(TestRunner.java:770)
at org.testng.TestRunner.run(TestRunner.java:591)
at org.testng.SuiteRunner.runTest(SuiteRunner.java:402)
at org.testng.SuiteRunner.runSequentially(SuiteRunner.java:396)
at org.testng.SuiteRunner.privateRun(SuiteRunner.java:355)
at org.testng.SuiteRunner.run(SuiteRunner.java:304)
at org.testng.SuiteRunnerWorker.runSuite(SuiteRunnerWorker.java:53)
at org.testng.SuiteRunnerWorker.run(SuiteRunnerWorker.java:96)
at org.testng.TestNG.runSuitesSequentially(TestNG.java:1180)
at org.testng.TestNG.runSuitesLocally(TestNG.java:1102)
at org.testng.TestNG.runSuites(TestNG.java:1032)
at org.testng.TestNG.run(TestNG.java:1000)
at org.testng.remote.AbstractRemoteTestNG.run(AbstractRemoteTestNG.java:115)
at org.testng.remote.RemoteTestNG.initAndRun(RemoteTestNG.java:251)
at org.testng.remote.RemoteTestNG.main(RemoteTestNG.java:77)
]]>
    </failure>
  </testcase> <!-- @BeforeClass setBrowser -->
  <testcase name="@AfterMethod message" time="-1.571739834073E9" classname="com.konakart.testscenarios.SearchProductScenario">
    <skipped/>
  </testcase> <!-- @AfterMethod message -->
  <testcase name="@AfterMethod message" time="-1.571739834075E9" classname="com.konakart.testscenarios.SearchProductScenario">
    <skipped/>
  </testcase> <!-- @AfterMethod message -->
  <testcase name="@AfterMethod message" time="-1.571739834077E9" classname="com.konakart.testscenarios.SearchProductScenario">
    <skipped/>
  </testcase> <!-- @AfterMethod message -->
  <testcase name="@AfterMethod message" time="-1.571739834097E9" classname="com.konakart.testscenarios.SearchProductScenario">
    <skipped/>
  </testcase> <!-- @AfterMethod message -->
  <testcase name="@AfterMethod message" time="-1.571739834104E9" classname="com.konakart.testscenarios.SearchProductScenario">
    <skipped/>
  </testcase> <!-- @AfterMethod message -->
  <testcase name="@AfterMethod message" time="-1.571739834106E9" classname="com.konakart.testscenarios.SearchProductScenario">
    <skipped/>
  </testcase> <!-- @AfterMethod message -->
  <testcase name="@AfterMethod message" time="-1.571739834104E9" classname="com.konakart.testscenarios.SearchProductScenario">
    <skipped/>
  </testcase> <!-- @AfterMethod message -->
  <testcase name="@AfterMethod message" time="-1.571739834115E9" classname="com.konakart.testscenarios.SearchProductScenario">
    <skipped/>
  </testcase> <!-- @AfterMethod message -->
  <testcase name="@AfterMethod message" time="-1.571739834122E9" classname="com.konakart.testscenarios.SearchProductScenario">
    <skipped/>
  </testcase> <!-- @AfterMethod message -->
  <testcase name="@AfterMethod message" time="-1.571739834132E9" classname="com.konakart.testscenarios.SearchProductScenario">
    <skipped/>
  </testcase> <!-- @AfterMethod message -->
  <testcase name="@AfterMethod message" time="-1.571739834137E9" classname="com.konakart.testscenarios.SearchProductScenario">
    <skipped/>
  </testcase> <!-- @AfterMethod message -->
  <testcase name="@AfterMethod message" time="-1.571739834148E9" classname="com.konakart.testscenarios.SearchProductScenario">
    <skipped/>
  </testcase> <!-- @AfterMethod message -->
  <testcase name="@AfterMethod message" time="-1.571739834155E9" classname="com.konakart.testscenarios.SearchProductScenario">
    <skipped/>
  </testcase> <!-- @AfterMethod message -->
  <testcase name="@AfterMethod message" time="-1.571739834157E9" classname="com.konakart.testscenarios.SearchProductScenario">
    <skipped/>
  </testcase> <!-- @AfterMethod message -->
  <testcase name="@AfterMethod message" time="-1.571739834161E9" classname="com.konakart.testscenarios.SearchProductScenario">
    <skipped/>
  </testcase> <!-- @AfterMethod message -->
  <testcase name="@AfterMethod message" time="-1.571739834169E9" classname="com.konakart.testscenarios.SearchProductScenario">
    <skipped/>
  </testcase> <!-- @AfterMethod message -->
  <testcase name="@AfterMethod message" time="-1.571739834175E9" classname="com.konakart.testscenarios.SearchProductScenario">
    <skipped/>
  </testcase> <!-- @AfterMethod message -->
  <testcase name="@AfterMethod message" time="-1.571739834178E9" classname="com.konakart.testscenarios.SearchProductScenario">
    <skipped/>
  </testcase> <!-- @AfterMethod message -->
  <testcase name="@AfterMethod message" time="-1.571739834186E9" classname="com.konakart.testscenarios.SearchProductScenario">
    <skipped/>
  </testcase> <!-- @AfterMethod message -->
  <testcase name="@AfterMethod message" time="-1.571739834193E9" classname="com.konakart.testscenarios.SearchProductScenario">
    <skipped/>
  </testcase> <!-- @AfterMethod message -->
  <testcase name="@AfterMethod message" time="-1.571739834206E9" classname="com.konakart.testscenarios.SearchProductScenario">
    <skipped/>
  </testcase> <!-- @AfterMethod message -->
  <testcase name="@AfterMethod message" time="-1.571739834316E9" classname="com.konakart.testscenarios.SearchProductScenario">
    <skipped/>
  </testcase> <!-- @AfterMethod message -->
  <testcase name="@AfterMethod message" time="-1.571739834325E9" classname="com.konakart.testscenarios.SearchProductScenario">
    <skipped/>
  </testcase> <!-- @AfterMethod message -->
  <testcase name="@AfterMethod message" time="-1.571739834329E9" classname="com.konakart.testscenarios.SearchProductScenario">
    <skipped/>
  </testcase> <!-- @AfterMethod message -->
  <testcase name="@AfterMethod message" time="-1.571739834341E9" classname="com.konakart.testscenarios.SearchProductScenario">
    <skipped/>
  </testcase> <!-- @AfterMethod message -->
  <testcase name="@AfterMethod message" time="-1.571739834349E9" classname="com.konakart.testscenarios.SearchProductScenario">
    <skipped/>
  </testcase> <!-- @AfterMethod message -->
  <testcase name="@AfterMethod message" time="-1.571739834361E9" classname="com.konakart.testscenarios.SearchProductScenario">
    <skipped/>
  </testcase> <!-- @AfterMethod message -->
  <testcase name="@AfterMethod message" time="-1.571739834366E9" classname="com.konakart.testscenarios.SearchProductScenario">
    <skipped/>
  </testcase> <!-- @AfterMethod message -->
  <testcase name="@AfterMethod message" time="-1.571739834372E9" classname="com.konakart.testscenarios.SearchProductScenario">
    <skipped/>
  </testcase> <!-- @AfterMethod message -->
  <testcase name="@AfterMethod message" time="-1.571739834388E9" classname="com.konakart.testscenarios.SearchProductScenario">
    <skipped/>
  </testcase> <!-- @AfterMethod message -->
  <testcase name="@AfterMethod message" time="-1.571739834393E9" classname="com.konakart.testscenarios.SearchProductScenario">
    <skipped/>
  </testcase> <!-- @AfterMethod message -->
  <testcase name="@AfterMethod message" time="-1.571739834404E9" classname="com.konakart.testscenarios.SearchProductScenario">
    <skipped/>
  </testcase> <!-- @AfterMethod message -->
  <testcase name="@AfterMethod message" time="-1.571739834433E9" classname="com.konakart.testscenarios.SearchProductScenario">
    <skipped/>
  </testcase> <!-- @AfterMethod message -->
  <testcase name="@AfterMethod message" time="-1.571739834444E9" classname="com.konakart.testscenarios.SearchProductScenario">
    <skipped/>
  </testcase> <!-- @AfterMethod message -->
  <testcase name="@AfterMethod message" time="-1.571739834448E9" classname="com.konakart.testscenarios.SearchProductScenario">
    <skipped/>
  </testcase> <!-- @AfterMethod message -->
  <testcase name="@AfterMethod message" time="-1.57173983445E9" classname="com.konakart.testscenarios.SearchProductScenario">
    <skipped/>
  </testcase> <!-- @AfterMethod message -->
  <testcase name="@AfterMethod message" time="-1.571739834455E9" classname="com.konakart.testscenarios.SearchProductScenario">
    <skipped/>
  </testcase> <!-- @AfterMethod message -->
  <testcase name="@AfterMethod message" time="-1.571739834459E9" classname="com.konakart.testscenarios.SearchProductScenario">
    <skipped/>
  </testcase> <!-- @AfterMethod message -->
  <testcase name="@AfterMethod message" time="-1.571739834467E9" classname="com.konakart.testscenarios.SearchProductScenario">
    <skipped/>
  </testcase> <!-- @AfterMethod message -->
  <testcase name="@AfterMethod message" time="-1.571739834472E9" classname="com.konakart.testscenarios.SearchProductScenario">
    <skipped/>
  </testcase> <!-- @AfterMethod message -->
  <testcase name="@AfterMethod message" time="-1.571739834479E9" classname="com.konakart.testscenarios.SearchProductScenario">
    <skipped/>
  </testcase> <!-- @AfterMethod message -->
  <testcase name="@AfterMethod message" time="-1.571739834485E9" classname="com.konakart.testscenarios.SearchProductScenario">
    <skipped/>
  </testcase> <!-- @AfterMethod message -->
  <testcase name="@AfterMethod message" time="-1.57173983449E9" classname="com.konakart.testscenarios.SearchProductScenario">
    <skipped/>
  </testcase> <!-- @AfterMethod message -->
  <testcase name="@AfterMethod message" time="-1.571739834492E9" classname="com.konakart.testscenarios.SearchProductScenario">
    <skipped/>
  </testcase> <!-- @AfterMethod message -->
  <testcase name="@AfterMethod message" time="-1.571739834497E9" classname="com.konakart.testscenarios.SearchProductScenario">
    <skipped/>
  </testcase> <!-- @AfterMethod message -->
  <testcase name="@AfterMethod message" time="-1.571739834498E9" classname="com.konakart.testscenarios.SearchProductScenario">
    <skipped/>
  </testcase> <!-- @AfterMethod message -->
  <testcase name="@AfterMethod message" time="-1.571739834503E9" classname="com.konakart.testscenarios.SearchProductScenario">
    <skipped/>
  </testcase> <!-- @AfterMethod message -->
  <testcase name="@AfterMethod message" time="-1.571739834507E9" classname="com.konakart.testscenarios.SearchProductScenario">
    <skipped/>
  </testcase> <!-- @AfterMethod message -->
  <testcase name="@AfterMethod message" time="-1.571739834512E9" classname="com.konakart.testscenarios.SearchProductScenario">
    <skipped/>
  </testcase> <!-- @AfterMethod message -->
  <testcase name="@AfterMethod message" time="-1.57173983459E9" classname="com.konakart.testscenarios.SearchProductScenario">
    <skipped/>
  </testcase> <!-- @AfterMethod message -->
  <testcase name="@AfterMethod message" time="-1.57173983461E9" classname="com.konakart.testscenarios.SearchProductScenario">
    <skipped/>
  </testcase> <!-- @AfterMethod message -->
  <testcase name="@AfterMethod message" time="-1.571739834628E9" classname="com.konakart.testscenarios.SearchProductScenario">
    <skipped/>
  </testcase> <!-- @AfterMethod message -->
  <testcase name="@AfterMethod message" time="-1.571739834633E9" classname="com.konakart.testscenarios.SearchProductScenario">
    <skipped/>
  </testcase> <!-- @AfterMethod message -->
  <testcase name="@AfterMethod message" time="-1.571739834643E9" classname="com.konakart.testscenarios.SearchProductScenario">
    <skipped/>
  </testcase> <!-- @AfterMethod message -->
  <testcase name="@AfterMethod message" time="-1.571739834643E9" classname="com.konakart.testscenarios.SearchProductScenario">
    <skipped/>
  </testcase> <!-- @AfterMethod message -->
  <testcase name="@AfterMethod message" time="-1.571739834658E9" classname="com.konakart.testscenarios.SearchProductScenario">
    <skipped/>
  </testcase> <!-- @AfterMethod message -->
  <testcase name="@AfterMethod message" time="-1.571739834658E9" classname="com.konakart.testscenarios.SearchProductScenario">
    <skipped/>
  </testcase> <!-- @AfterMethod message -->
  <testcase name="@AfterMethod message" time="-1.571739834658E9" classname="com.konakart.testscenarios.SearchProductScenario">
    <skipped/>
  </testcase> <!-- @AfterMethod message -->
  <testcase name="@AfterMethod message" time="-1.571739834674E9" classname="com.konakart.testscenarios.SearchProductScenario">
    <skipped/>
  </testcase> <!-- @AfterMethod message -->
  <testcase name="@AfterMethod message" time="-1.571739834674E9" classname="com.konakart.testscenarios.SearchProductScenario">
    <skipped/>
  </testcase> <!-- @AfterMethod message -->
  <testcase name="@AfterMethod message" time="-1.571739834689E9" classname="com.konakart.testscenarios.SearchProductScenario">
    <skipped/>
  </testcase> <!-- @AfterMethod message -->
  <testcase name="@AfterMethod message" time="-1.571739834689E9" classname="com.konakart.testscenarios.SearchProductScenario">
    <skipped/>
  </testcase> <!-- @AfterMethod message -->
  <testcase name="@AfterMethod message" time="-1.571739834705E9" classname="com.konakart.testscenarios.SearchProductScenario">
    <skipped/>
  </testcase> <!-- @AfterMethod message -->
  <testcase name="@AfterMethod message" time="-1.571739834705E9" classname="com.konakart.testscenarios.SearchProductScenario">
    <skipped/>
  </testcase> <!-- @AfterMethod message -->
  <testcase name="@AfterMethod message" time="-1.571739834705E9" classname="com.konakart.testscenarios.SearchProductScenario">
    <skipped/>
  </testcase> <!-- @AfterMethod message -->
  <testcase name="@AfterMethod message" time="-1.571739834721E9" classname="com.konakart.testscenarios.SearchProductScenario">
    <skipped/>
  </testcase> <!-- @AfterMethod message -->
  <testcase name="@AfterMethod message" time="-1.571739834736E9" classname="com.konakart.testscenarios.SearchProductScenario">
    <skipped/>
  </testcase> <!-- @AfterMethod message -->
  <testcase name="@AfterMethod message" time="-1.571739834736E9" classname="com.konakart.testscenarios.SearchProductScenario">
    <skipped/>
  </testcase> <!-- @AfterMethod message -->
  <testcase name="@AfterMethod message" time="-1.571739834736E9" classname="com.konakart.testscenarios.SearchProductScenario">
    <skipped/>
  </testcase> <!-- @AfterMethod message -->
  <testcase name="@AfterMethod message" time="-1.571739834752E9" classname="com.konakart.testscenarios.SearchProductScenario">
    <skipped/>
  </testcase> <!-- @AfterMethod message -->
  <testcase name="OutComeOfSearch" time="0.0" classname="com.konakart.testscenarios.SearchProductScenario">
    <skipped/>
  </testcase> <!-- OutComeOfSearch -->
  <testcase name="OutComeOfSearch" time="0.0" classname="com.konakart.testscenarios.SearchProductScenario">
    <skipped/>
  </testcase> <!-- OutComeOfSearch -->
  <testcase name="OutComeOfSearch" time="0.0" classname="com.konakart.testscenarios.SearchProductScenario">
    <skipped/>
  </testcase> <!-- OutComeOfSearch -->
  <testcase name="OutComeOfSearch" time="0.0" classname="com.konakart.testscenarios.SearchProductScenario">
    <skipped/>
  </testcase> <!-- OutComeOfSearch -->
  <testcase name="OutComeOfSearch" time="0.0" classname="com.konakart.testscenarios.SearchProductScenario">
    <skipped/>
  </testcase> <!-- OutComeOfSearch -->
  <testcase name="OutComeOfSearch" time="0.0" classname="com.konakart.testscenarios.SearchProductScenario">
    <skipped/>
  </testcase> <!-- OutComeOfSearch -->
  <testcase name="OutComeOfSearch" time="0.0" classname="com.konakart.testscenarios.SearchProductScenario">
    <skipped/>
  </testcase> <!-- OutComeOfSearch -->
  <testcase name="OutComeOfSearch" time="0.0" classname="com.konakart.testscenarios.SearchProductScenario">
    <skipped/>
  </testcase> <!-- OutComeOfSearch -->
  <testcase name="OutComeOfSearch" time="0.0" classname="com.konakart.testscenarios.SearchProductScenario">
    <skipped/>
  </testcase> <!-- OutComeOfSearch -->
  <testcase name="OutComeOfSearch" time="0.0" classname="com.konakart.testscenarios.SearchProductScenario">
    <skipped/>
  </testcase> <!-- OutComeOfSearch -->
  <testcase name="OutComeOfSearch" time="0.0" classname="com.konakart.testscenarios.SearchProductScenario">
    <skipped/>
  </testcase> <!-- OutComeOfSearch -->
  <testcase name="OutComeOfSearch" time="0.0" classname="com.konakart.testscenarios.SearchProductScenario">
    <skipped/>
  </testcase> <!-- OutComeOfSearch -->
  <testcase name="OutComeOfSearch" time="0.0" classname="com.konakart.testscenarios.SearchProductScenario">
    <skipped/>
  </testcase> <!-- OutComeOfSearch -->
  <testcase name="OutComeOfSearch" time="0.0" classname="com.konakart.testscenarios.SearchProductScenario">
    <skipped/>
  </testcase> <!-- OutComeOfSearch -->
  <testcase name="OutComeOfSearch" time="0.0" classname="com.konakart.testscenarios.SearchProductScenario">
    <skipped/>
  </testcase> <!-- OutComeOfSearch -->
  <testcase name="OutComeOfSearch" time="0.0" classname="com.konakart.testscenarios.SearchProductScenario">
    <skipped/>
  </testcase> <!-- OutComeOfSearch -->
  <testcase name="OutComeOfSearch" time="0.0" classname="com.konakart.testscenarios.SearchProductScenario">
    <skipped/>
  </testcase> <!-- OutComeOfSearch -->
  <testcase name="OutComeOfSearch" time="0.004" classname="com.konakart.testscenarios.SearchProductScenario">
    <skipped/>
  </testcase> <!-- OutComeOfSearch -->
  <testcase name="OutComeOfSearch" time="0.0" classname="com.konakart.testscenarios.SearchProductScenario">
    <skipped/>
  </testcase> <!-- OutComeOfSearch -->
  <testcase name="OutComeOfSearch" time="0.0" classname="com.konakart.testscenarios.SearchProductScenario">
    <skipped/>
  </testcase> <!-- OutComeOfSearch -->
  <testcase name="OutComeOfSearch" time="0.0" classname="com.konakart.testscenarios.SearchProductScenario">
    <skipped/>
  </testcase> <!-- OutComeOfSearch -->
  <testcase name="OutComeOfSearch" time="0.0" classname="com.konakart.testscenarios.SearchProductScenario">
    <skipped/>
  </testcase> <!-- OutComeOfSearch -->
  <testcase name="OutComeOfSearch" time="0.0" classname="com.konakart.testscenarios.SearchProductScenario">
    <skipped/>
  </testcase> <!-- OutComeOfSearch -->
  <testcase name="OutComeOfSearch" time="0.0" classname="com.konakart.testscenarios.SearchProductScenario">
    <skipped/>
  </testcase> <!-- OutComeOfSearch -->
  <testcase name="OutComeOfSearch" time="0.0" classname="com.konakart.testscenarios.SearchProductScenario">
    <skipped/>
  </testcase> <!-- OutComeOfSearch -->
  <testcase name="OutComeOfSearch" time="0.0" classname="com.konakart.testscenarios.SearchProductScenario">
    <skipped/>
  </testcase> <!-- OutComeOfSearch -->
  <testcase name="OutComeOfSearch" time="0.0" classname="com.konakart.testscenarios.SearchProductScenario">
    <skipped/>
  </testcase> <!-- OutComeOfSearch -->
  <testcase name="OutComeOfSearch" time="0.0" classname="com.konakart.testscenarios.SearchProductScenario">
    <skipped/>
  </testcase> <!-- OutComeOfSearch -->
  <testcase name="OutComeOfSearch" time="0.0" classname="com.konakart.testscenarios.SearchProductScenario">
    <skipped/>
  </testcase> <!-- OutComeOfSearch -->
  <testcase name="OutComeOfSearch" time="0.0" classname="com.konakart.testscenarios.SearchProductScenario">
    <skipped/>
  </testcase> <!-- OutComeOfSearch -->
  <testcase name="OutComeOfSearch" time="0.0" classname="com.konakart.testscenarios.SearchProductScenario">
    <skipped/>
  </testcase> <!-- OutComeOfSearch -->
  <testcase name="OutComeOfSearch" time="0.0" classname="com.konakart.testscenarios.SearchProductScenario">
    <skipped/>
  </testcase> <!-- OutComeOfSearch -->
  <testcase name="OutComeOfSearch" time="0.0" classname="com.konakart.testscenarios.SearchProductScenario">
    <skipped/>
  </testcase> <!-- OutComeOfSearch -->
  <testcase name="OutComeOfSearch" time="0.0" classname="com.konakart.testscenarios.SearchProductScenario">
    <skipped/>
  </testcase> <!-- OutComeOfSearch -->
  <testcase name="OutComeOfSearch" time="0.0" classname="com.konakart.testscenarios.SearchProductScenario">
    <skipped/>
  </testcase> <!-- OutComeOfSearch -->
  <testcase name="OutComeOfSearch" time="0.0" classname="com.konakart.testscenarios.SearchProductScenario">
    <skipped/>
  </testcase> <!-- OutComeOfSearch -->
  <testcase name="OutComeOfSearch" time="0.0" classname="com.konakart.testscenarios.SearchProductScenario">
    <skipped/>
  </testcase> <!-- OutComeOfSearch -->
  <testcase name="OutComeOfSearch" time="0.0" classname="com.konakart.testscenarios.SearchProductScenario">
    <skipped/>
  </testcase> <!-- OutComeOfSearch -->
  <testcase name="OutComeOfSearch" time="0.0" classname="com.konakart.testscenarios.SearchProductScenario">
    <skipped/>
  </testcase> <!-- OutComeOfSearch -->
  <testcase name="OutComeOfSearch" time="0.0" classname="com.konakart.testscenarios.SearchProductScenario">
    <skipped/>
  </testcase> <!-- OutComeOfSearch -->
  <testcase name="OutComeOfSearch" time="0.0" classname="com.konakart.testscenarios.SearchProductScenario">
    <skipped/>
  </testcase> <!-- OutComeOfSearch -->
  <testcase name="OutComeOfSearch" time="0.0" classname="com.konakart.testscenarios.SearchProductScenario">
    <skipped/>
  </testcase> <!-- OutComeOfSearch -->
  <testcase name="OutComeOfSearch" time="0.0" classname="com.konakart.testscenarios.SearchProductScenario">
    <skipped/>
  </testcase> <!-- OutComeOfSearch -->
  <testcase name="OutComeOfSearch" time="0.0" classname="com.konakart.testscenarios.SearchProductScenario">
    <skipped/>
  </testcase> <!-- OutComeOfSearch -->
  <testcase name="OutComeOfSearch" time="0.0" classname="com.konakart.testscenarios.SearchProductScenario">
    <skipped/>
  </testcase> <!-- OutComeOfSearch -->
  <testcase name="OutComeOfSearch" time="0.0" classname="com.konakart.testscenarios.SearchProductScenario">
    <skipped/>
  </testcase> <!-- OutComeOfSearch -->
  <testcase name="OutComeOfSearch" time="0.0" classname="com.konakart.testscenarios.SearchProductScenario">
    <skipped/>
  </testcase> <!-- OutComeOfSearch -->
  <testcase name="OutComeOfSearch" time="0.0" classname="com.konakart.testscenarios.SearchProductScenario">
    <skipped/>
  </testcase> <!-- OutComeOfSearch -->
  <testcase name="OutComeOfSearch" time="0.0" classname="com.konakart.testscenarios.SearchProductScenario">
    <skipped/>
  </testcase> <!-- OutComeOfSearch -->
  <testcase name="OutComeOfSearch" time="0.0" classname="com.konakart.testscenarios.SearchProductScenario">
    <skipped/>
  </testcase> <!-- OutComeOfSearch -->
  <testcase name="OutComeOfSearch" time="0.0" classname="com.konakart.testscenarios.SearchProductScenario">
    <skipped/>
  </testcase> <!-- OutComeOfSearch -->
  <testcase name="OutComeOfSearch" time="0.0" classname="com.konakart.testscenarios.SearchProductScenario">
    <skipped/>
  </testcase> <!-- OutComeOfSearch -->
  <testcase name="OutComeOfSearch" time="0.0" classname="com.konakart.testscenarios.SearchProductScenario">
    <skipped/>
  </testcase> <!-- OutComeOfSearch -->
  <testcase name="OutComeOfSearch" time="0.0" classname="com.konakart.testscenarios.SearchProductScenario">
    <skipped/>
  </testcase> <!-- OutComeOfSearch -->
  <testcase name="OutComeOfSearch" time="0.0" classname="com.konakart.testscenarios.SearchProductScenario">
    <skipped/>
  </testcase> <!-- OutComeOfSearch -->
  <testcase name="OutComeOfSearch" time="0.0" classname="com.konakart.testscenarios.SearchProductScenario">
    <skipped/>
  </testcase> <!-- OutComeOfSearch -->
  <testcase name="OutComeOfSearch" time="0.0" classname="com.konakart.testscenarios.SearchProductScenario">
    <skipped/>
  </testcase> <!-- OutComeOfSearch -->
  <testcase name="OutComeOfSearch" time="0.0" classname="com.konakart.testscenarios.SearchProductScenario">
    <skipped/>
  </testcase> <!-- OutComeOfSearch -->
  <testcase name="OutComeOfSearch" time="0.0" classname="com.konakart.testscenarios.SearchProductScenario">
    <skipped/>
  </testcase> <!-- OutComeOfSearch -->
  <testcase name="OutComeOfSearch" time="0.0" classname="com.konakart.testscenarios.SearchProductScenario">
    <skipped/>
  </testcase> <!-- OutComeOfSearch -->
  <testcase name="OutComeOfSearch" time="0.0" classname="com.konakart.testscenarios.SearchProductScenario">
    <skipped/>
  </testcase> <!-- OutComeOfSearch -->
  <testcase name="OutComeOfSearch" time="0.0" classname="com.konakart.testscenarios.SearchProductScenario">
    <skipped/>
  </testcase> <!-- OutComeOfSearch -->
  <testcase name="OutComeOfSearch" time="0.0" classname="com.konakart.testscenarios.SearchProductScenario">
    <skipped/>
  </testcase> <!-- OutComeOfSearch -->
  <testcase name="OutComeOfSearch" time="0.0" classname="com.konakart.testscenarios.SearchProductScenario">
    <skipped/>
  </testcase> <!-- OutComeOfSearch -->
  <testcase name="OutComeOfSearch" time="0.0" classname="com.konakart.testscenarios.SearchProductScenario">
    <skipped/>
  </testcase> <!-- OutComeOfSearch -->
  <testcase name="OutComeOfSearch" time="0.0" classname="com.konakart.testscenarios.SearchProductScenario">
    <skipped/>
  </testcase> <!-- OutComeOfSearch -->
  <testcase name="OutComeOfSearch" time="0.0" classname="com.konakart.testscenarios.SearchProductScenario">
    <skipped/>
  </testcase> <!-- OutComeOfSearch -->
  <testcase name="OutComeOfSearch" time="0.0" classname="com.konakart.testscenarios.SearchProductScenario">
    <skipped/>
  </testcase> <!-- OutComeOfSearch -->
  <testcase name="OutComeOfSearch" time="0.0" classname="com.konakart.testscenarios.SearchProductScenario">
    <skipped/>
  </testcase> <!-- OutComeOfSearch -->
  <testcase name="OutComeOfSearch" time="0.0" classname="com.konakart.testscenarios.SearchProductScenario">
    <skipped/>
  </testcase> <!-- OutComeOfSearch -->
</testsuite> <!-- Default test -->
