<?xml version="1.0" encoding="UTF-8"?>
<!-- Generated by org.testng.reporters.JUnitXMLReporter -->
<testsuite hostname="ATMECSINLT-002" ignored="0" name="contentmenu" tests="5" failures="0" timestamp="2019-10-22T17:37:10 IST" time="111.005" errors="0">
  <testcase name="OutComeOfSearch" time="4.057" classname="com.konakart.testscenarios.SearchProductScenario"/>
  <testcase name="OutComeOfSearch" time="3.542" classname="com.konakart.testscenarios.SearchProductScenario"/>
  <testcase name="OutComeOfSearch" time="4.077" classname="com.konakart.testscenarios.SearchProductScenario"/>
  <testcase name="OutComeOfSearch" time="3.79" classname="com.konakart.testscenarios.SearchProductScenario"/>
  <testcase name="OutComeOfSearch" time="3.703" classname="com.konakart.testscenarios.SearchProductScenario"/>
</testsuite> <!-- contentmenu -->
