<?xml version="1.0" encoding="UTF-8"?>
<!-- Generated by org.testng.reporters.JUnitXMLReporter -->
<testsuite hostname="ATMECSINLT-002" ignored="0" name="footer" tests="14" failures="1" timestamp="2019-10-22T17:43:03 IST" time="115.3" errors="0">
  <testcase name="@AfterMethod message" time="14.365" classname="com.konakart.testscenarios.SearchProductScenario">
    <failure type="java.lang.AssertionError" message="reuslt not matched expected [There are no available products.] but found [Windows 8]">
      <![CDATA[java.lang.AssertionError: reuslt not matched expected [There are no available products.] but found [Windows 8]
at com.konakart.validationHelper.ItemMessageValidation.searchResultValidation(ItemMessageValidation.java:40)
at com.konakart.script.QuickSearchPage.getItemMessage(QuickSearchPage.java:69)
at com.konakart.testscenarios.SearchProductScenario.message(SearchProductScenario.java:60)
at java.util.ArrayList.forEach(Unknown Source)
at java.util.concurrent.FutureTask.run(Unknown Source)
at java.util.concurrent.ThreadPoolExecutor.runWorker(Unknown Source)
at java.util.concurrent.ThreadPoolExecutor$Worker.run(Unknown Source)
at java.lang.Thread.run(Unknown Source)
... Removed 27 stack frames]]>
    </failure>
  </testcase> <!-- @AfterMethod message -->
  <testcase name="@AfterMethod message" time="-1.571746328171E9" classname="com.konakart.testscenarios.SearchProductScenario">
    <skipped/>
  </testcase> <!-- @AfterMethod message -->
  <testcase name="@AfterMethod message" time="-1.571746328178E9" classname="com.konakart.testscenarios.SearchProductScenario">
    <skipped/>
  </testcase> <!-- @AfterMethod message -->
  <testcase name="@AfterMethod message" time="-1.571746328184E9" classname="com.konakart.testscenarios.SearchProductScenario">
    <skipped/>
  </testcase> <!-- @AfterMethod message -->
  <testcase name="@AfterMethod message" time="-1.571746328191E9" classname="com.konakart.testscenarios.SearchProductScenario">
    <skipped/>
  </testcase> <!-- @AfterMethod message -->
  <testcase name="@AfterMethod message" time="-1.571746328202E9" classname="com.konakart.testscenarios.SearchProductScenario">
    <skipped/>
  </testcase> <!-- @AfterMethod message -->
  <testcase name="OutComeOfSearch" time="6.103" classname="com.konakart.testscenarios.SearchProductScenario">
    <failure type="java.util.ConcurrentModificationException">
      <![CDATA[java.util.ConcurrentModificationException
at java.util.ArrayList.forEach(Unknown Source)
at com.aventstack.extentreports.Report.notifyReporters(Report.java:263)
at com.aventstack.extentreports.Report.flush(Report.java:185)
at com.aventstack.extentreports.ExtentReports.flush(ExtentReports.java:281)
at com.konakart.utility.KonakartExtendReport.reportLog(KonakartExtendReport.java:24)
at com.konakart.script.QuickSearchPage.searchProduct(QuickSearchPage.java:40)
at com.konakart.testscenarios.SearchProductScenario.OutComeOfSearch(SearchProductScenario.java:50)
at java.util.ArrayList.forEach(Unknown Source)
at java.util.concurrent.FutureTask.run(Unknown Source)
at java.util.concurrent.ThreadPoolExecutor.runWorker(Unknown Source)
at java.util.concurrent.ThreadPoolExecutor$Worker.run(Unknown Source)
at java.lang.Thread.run(Unknown Source)
... Removed 18 stack frames]]>
    </failure>
  </testcase> <!-- OutComeOfSearch -->
  <testcase name="OutComeOfSearch" time="9.671" classname="com.konakart.testscenarios.SearchProductScenario"/>
  <testcase name="OutComeOfSearch" time="4.191" classname="com.konakart.testscenarios.SearchProductScenario"/>
  <testcase name="OutComeOfSearch" time="4.905" classname="com.konakart.testscenarios.SearchProductScenario"/>
  <testcase name="OutComeOfSearch" time="0.0" classname="com.konakart.testscenarios.SearchProductScenario">
    <skipped/>
  </testcase> <!-- OutComeOfSearch -->
  <testcase name="OutComeOfSearch" time="0.0" classname="com.konakart.testscenarios.SearchProductScenario">
    <skipped/>
  </testcase> <!-- OutComeOfSearch -->
  <testcase name="OutComeOfSearch" time="0.0" classname="com.konakart.testscenarios.SearchProductScenario">
    <skipped/>
  </testcase> <!-- OutComeOfSearch -->
  <testcase name="OutComeOfSearch" time="0.0" classname="com.konakart.testscenarios.SearchProductScenario">
    <skipped/>
  </testcase> <!-- OutComeOfSearch -->
  <testcase name="OutComeOfSearch" time="0.0" classname="com.konakart.testscenarios.SearchProductScenario">
    <skipped/>
  </testcase> <!-- OutComeOfSearch -->
  <testcase name="OutComeOfSearch" time="3.809" classname="com.konakart.testscenarios.SearchProductScenario"/>
  <testcase name="OutComeOfSearch" time="2.448" classname="com.konakart.testscenarios.SearchProductScenario"/>
  <testcase name="OutComeOfSearch" time="2.385" classname="com.konakart.testscenarios.SearchProductScenario"/>
  <testcase name="OutComeOfSearch" time="2.881" classname="com.konakart.testscenarios.SearchProductScenario"/>
  <testcase name="OutComeOfSearch" time="2.68" classname="com.konakart.testscenarios.SearchProductScenario"/>
</testsuite> <!-- footer -->
