<?xml version="1.0" encoding="UTF-8"?>
<!-- Generated by org.testng.reporters.JUnitXMLReporter -->
<testsuite hostname="ATMECSINLT-002" ignored="0" name="footer" tests="4" failures="0" timestamp="2019-10-14T21:03:47 IST" time="56.571" errors="0">
  <testcase name="OutComeOfSearch" time="3.84" classname="com.konakart.testscenarios.SearchProductScenario"/>
  <testcase name="OutComeOfSearch" time="3.812" classname="com.konakart.testscenarios.SearchProductScenario"/>
  <testcase name="OutComeOfSearch" time="3.822" classname="com.konakart.testscenarios.SearchProductScenario"/>
  <testcase name="OutComeOfSearch" time="3.615" classname="com.konakart.testscenarios.SearchProductScenario"/>
</testsuite> <!-- footer -->
