<?xml version="1.0" encoding="UTF-8"?>
<testng-results skipped="0" failed="0" ignored="0" total="8" passed="8">
  <reporter-output>
  </reporter-output>
  <suite name="Suite1" duration-ms="143537" started-at="2019-10-15T17:00:49 IST" finished-at="2019-10-15T17:03:13 IST">
    <groups>
    </groups>
    <test name="footer" duration-ms="108579" started-at="2019-10-15T17:00:49 IST" finished-at="2019-10-15T17:02:38 IST">
      <class name="com.konakart.testscenarios.SearchProductScenario">
        <test-method status="PASS" signature="setBrowser(java.lang.String)[pri:0, instance:com.konakart.testscenarios.SearchProductScenario@9660f4e]" name="setBrowser" is-config="true" duration-ms="6268" started-at="2019-10-15T17:00:49 IST" finished-at="2019-10-15T17:00:56 IST">
          <params>
            <param index="0">
              <value>
                <![CDATA[ie]]>
              </value>
            </param>
          </params>
          <reporter-output>
          </reporter-output>
        </test-method> <!-- setBrowser -->
        <test-method status="PASS" signature="OutComeOfSearch(java.lang.String, java.lang.String, java.lang.String)[pri:0, instance:com.konakart.testscenarios.SearchProductScenario@9660f4e]" name="OutComeOfSearch" duration-ms="4446" started-at="2019-10-15T17:00:57 IST" data-provider="userData" finished-at="2019-10-15T17:01:01 IST">
          <params>
            <param index="0">
              <value>
                <![CDATA[Computer Peripherals]]>
              </value>
            </param>
            <param index="1">
              <value>
                <![CDATA[Bundle Saver]]>
              </value>
            </param>
            <param index="2">
              <value>
                <![CDATA[Bundle Saver]]>
              </value>
            </param>
          </params>
          <reporter-output>
          </reporter-output>
        </test-method> <!-- OutComeOfSearch -->
        <test-method status="PASS" signature="message()[pri:0, instance:com.konakart.testscenarios.SearchProductScenario@9660f4e]" name="message" is-config="true" duration-ms="14560" started-at="2019-10-15T17:01:01 IST" finished-at="2019-10-15T17:01:16 IST">
          <reporter-output>
          </reporter-output>
        </test-method> <!-- message -->
        <test-method status="PASS" signature="OutComeOfSearch(java.lang.String, java.lang.String, java.lang.String)[pri:0, instance:com.konakart.testscenarios.SearchProductScenario@9660f4e]" name="OutComeOfSearch" duration-ms="3744" started-at="2019-10-15T17:01:16 IST" data-provider="userData" finished-at="2019-10-15T17:01:19 IST">
          <params>
            <param index="0">
              <value>
                <![CDATA[Software]]>
              </value>
            </param>
            <param index="1">
              <value>
                <![CDATA[Windows 8]]>
              </value>
            </param>
            <param index="2">
              <value>
                <![CDATA[Windows 8]]>
              </value>
            </param>
          </params>
          <reporter-output>
          </reporter-output>
        </test-method> <!-- OutComeOfSearch -->
        <test-method status="PASS" signature="message()[pri:0, instance:com.konakart.testscenarios.SearchProductScenario@9660f4e]" name="message" is-config="true" duration-ms="14507" started-at="2019-10-15T17:01:19 IST" finished-at="2019-10-15T17:01:34 IST">
          <reporter-output>
          </reporter-output>
        </test-method> <!-- message -->
        <test-method status="PASS" signature="OutComeOfSearch(java.lang.String, java.lang.String, java.lang.String)[pri:0, instance:com.konakart.testscenarios.SearchProductScenario@9660f4e]" name="OutComeOfSearch" duration-ms="3904" started-at="2019-10-15T17:01:34 IST" data-provider="userData" finished-at="2019-10-15T17:01:38 IST">
          <params>
            <param index="0">
              <value>
                <![CDATA[DVD Movies]]>
              </value>
            </param>
            <param index="1">
              <value>
                <![CDATA[Acctim Metal Clock]]>
              </value>
            </param>
            <param index="2">
              <value>
                <![CDATA[There are no available products.]]>
              </value>
            </param>
          </params>
          <reporter-output>
          </reporter-output>
        </test-method> <!-- OutComeOfSearch -->
        <test-method status="PASS" signature="message()[pri:0, instance:com.konakart.testscenarios.SearchProductScenario@9660f4e]" name="message" is-config="true" duration-ms="233" started-at="2019-10-15T17:01:38 IST" finished-at="2019-10-15T17:01:38 IST">
          <reporter-output>
          </reporter-output>
        </test-method> <!-- message -->
        <test-method status="PASS" signature="OutComeOfSearch(java.lang.String, java.lang.String, java.lang.String)[pri:0, instance:com.konakart.testscenarios.SearchProductScenario@9660f4e]" name="OutComeOfSearch" duration-ms="3300" started-at="2019-10-15T17:01:38 IST" data-provider="userData" finished-at="2019-10-15T17:01:41 IST">
          <params>
            <param index="0">
              <value>
                <![CDATA[Home & Garden]]>
              </value>
            </param>
            <param index="1">
              <value>
                <![CDATA[Acctim Metal Clock]]>
              </value>
            </param>
            <param index="2">
              <value>
                <![CDATA[Acctim Metal Clock]]>
              </value>
            </param>
          </params>
          <reporter-output>
          </reporter-output>
        </test-method> <!-- OutComeOfSearch -->
        <test-method status="PASS" signature="message()[pri:0, instance:com.konakart.testscenarios.SearchProductScenario@9660f4e]" name="message" is-config="true" duration-ms="14710" started-at="2019-10-15T17:01:41 IST" finished-at="2019-10-15T17:01:56 IST">
          <reporter-output>
          </reporter-output>
        </test-method> <!-- message -->
        <test-method status="PASS" signature="OutComeOfSearch(java.lang.String, java.lang.String, java.lang.String)[pri:0, instance:com.konakart.testscenarios.SearchProductScenario@9660f4e]" name="OutComeOfSearch" duration-ms="4385" started-at="2019-10-15T17:01:56 IST" data-provider="userData" finished-at="2019-10-15T17:02:00 IST">
          <params>
            <param index="0">
              <value>
                <![CDATA[All]]>
              </value>
            </param>
            <param index="1">
              <value>
                <![CDATA[Windows 8]]>
              </value>
            </param>
            <param index="2">
              <value>
                <![CDATA[Windows 8]]>
              </value>
            </param>
          </params>
          <reporter-output>
          </reporter-output>
        </test-method> <!-- OutComeOfSearch -->
        <test-method status="PASS" signature="message()[pri:0, instance:com.konakart.testscenarios.SearchProductScenario@9660f4e]" name="message" is-config="true" duration-ms="14540" started-at="2019-10-15T17:02:00 IST" finished-at="2019-10-15T17:02:15 IST">
          <reporter-output>
          </reporter-output>
        </test-method> <!-- message -->
        <test-method status="PASS" signature="OutComeOfSearch(java.lang.String, java.lang.String, java.lang.String)[pri:0, instance:com.konakart.testscenarios.SearchProductScenario@9660f4e]" name="OutComeOfSearch" duration-ms="4188" started-at="2019-10-15T17:02:15 IST" data-provider="userData" finished-at="2019-10-15T17:02:19 IST">
          <params>
            <param index="0">
              <value>
                <![CDATA[DVD Movies]]>
              </value>
            </param>
            <param index="1">
              <value>
                <![CDATA[The Matrix]]>
              </value>
            </param>
            <param index="2">
              <value>
                <![CDATA[The Matrix]]>
              </value>
            </param>
          </params>
          <reporter-output>
          </reporter-output>
        </test-method> <!-- OutComeOfSearch -->
        <test-method status="PASS" signature="message()[pri:0, instance:com.konakart.testscenarios.SearchProductScenario@9660f4e]" name="message" is-config="true" duration-ms="14407" started-at="2019-10-15T17:02:19 IST" finished-at="2019-10-15T17:02:34 IST">
          <reporter-output>
          </reporter-output>
        </test-method> <!-- message -->
        <test-method status="PASS" signature="OutComeOfSearch(java.lang.String, java.lang.String, java.lang.String)[pri:0, instance:com.konakart.testscenarios.SearchProductScenario@9660f4e]" name="OutComeOfSearch" duration-ms="3930" started-at="2019-10-15T17:02:34 IST" data-provider="userData" finished-at="2019-10-15T17:02:37 IST">
          <params>
            <param index="0">
              <value>
                <![CDATA[Computer Peripherals]]>
              </value>
            </param>
            <param index="1">
              <value>
                <![CDATA[Windows 8]]>
              </value>
            </param>
            <param index="2">
              <value>
                <![CDATA[There are no available products.]]>
              </value>
            </param>
          </params>
          <reporter-output>
          </reporter-output>
        </test-method> <!-- OutComeOfSearch -->
        <test-method status="PASS" signature="message()[pri:0, instance:com.konakart.testscenarios.SearchProductScenario@9660f4e]" name="message" is-config="true" duration-ms="282" started-at="2019-10-15T17:02:37 IST" finished-at="2019-10-15T17:02:38 IST">
          <reporter-output>
          </reporter-output>
        </test-method> <!-- message -->
      </class> <!-- com.konakart.testscenarios.SearchProductScenario -->
    </test> <!-- footer -->
    <test name="contentmenu" duration-ms="34857" started-at="2019-10-15T17:02:38 IST" finished-at="2019-10-15T17:03:13 IST">
      <class name="com.konakart.testscenarios.SpecificProductValidationScenario">
        <test-method status="PASS" signature="setBrowser(java.lang.String)[pri:0, instance:com.konakart.testscenarios.SpecificProductValidationScenario@5f282abb]" name="setBrowser" is-config="true" duration-ms="4610" started-at="2019-10-15T17:02:38 IST" finished-at="2019-10-15T17:02:42 IST">
          <params>
            <param index="0">
              <value>
                <![CDATA[ie]]>
              </value>
            </param>
          </params>
          <reporter-output>
          </reporter-output>
        </test-method> <!-- setBrowser -->
        <test-method status="PASS" signature="navigateToProductDetails()[pri:0, instance:com.konakart.testscenarios.SpecificProductValidationScenario@5f282abb]" name="navigateToProductDetails" duration-ms="30244" started-at="2019-10-15T17:02:42 IST" finished-at="2019-10-15T17:03:13 IST">
          <reporter-output>
          </reporter-output>
        </test-method> <!-- navigateToProductDetails -->
      </class> <!-- com.konakart.testscenarios.SpecificProductValidationScenario -->
    </test> <!-- contentmenu -->
  </suite> <!-- Suite1 -->
  <suite name="Test-class Suite" duration-ms="0" started-at="2019-10-15T17:03:13 IST" finished-at="2019-10-15T17:03:13 IST">
    <groups>
    </groups>
  </suite> <!-- Test-class Suite -->
</testng-results>
